2019-10-22 23:54:28,326 INFO c.e.t.T.TestingApplication [main] Starting TestingApplication on Latitude-3560 with PID 13030 (/home/yaman/Downloads/FinalDemo/target/classes started by yaman in /home/yaman/Downloads/FinalDemo)
2019-10-22 23:54:28,346 INFO c.e.t.T.TestingApplication [main] No active profile set, falling back to default profiles: default
2019-10-22 23:54:34,401 INFO c.e.t.T.TestingApplication [main] Started TestingApplication in 7.069 seconds (JVM running for 8.543)
2019-10-22 23:54:34,404 INFO c.e.t.T.TestingApplication [main] Started testing application main
2019-10-22 23:54:44,868 ERROR c.e.t.T.S.BookService [qtp62915435-18] Error!,Title length greater than or equal to 5
2019-10-22 23:55:31,107 INFO c.e.t.T.C.BookController [qtp62915435-20] Request called for /name/30
2019-10-22 23:55:31,336 ERROR c.e.t.T.S.BookService [qtp62915435-20] ID 30 not found
java.util.NoSuchElementException: null
	at com.example.testing.Testing.Service.BookService.name(BookService.java:77) [classes/:?]
	at com.example.testing.Testing.Controller.BookController.name(BookController.java:47) [classes/:?]
	at sun.reflect.NativeMethodAccessorImpl.invoke0(Native Method) ~[?:1.8.0_222]
	at sun.reflect.NativeMethodAccessorImpl.invoke(NativeMethodAccessorImpl.java:62) ~[?:1.8.0_222]
	at sun.reflect.DelegatingMethodAccessorImpl.invoke(DelegatingMethodAccessorImpl.java:43) ~[?:1.8.0_222]
	at java.lang.reflect.Method.invoke(Method.java:498) ~[?:1.8.0_222]
	at org.springframework.web.method.support.InvocableHandlerMethod.doInvoke(InvocableHandlerMethod.java:190) [spring-web-5.2.0.RELEASE.jar:5.2.0.RELEASE]
	at org.springframework.web.method.support.InvocableHandlerMethod.invokeForRequest(InvocableHandlerMethod.java:138) [spring-web-5.2.0.RELEASE.jar:5.2.0.RELEASE]
	at org.springframework.web.servlet.mvc.method.annotation.ServletInvocableHandlerMethod.invokeAndHandle(ServletInvocableHandlerMethod.java:106) [spring-webmvc-5.2.0.RELEASE.jar:5.2.0.RELEASE]
	at org.springframework.web.servlet.mvc.method.annotation.RequestMappingHandlerAdapter.invokeHandlerMethod(RequestMappingHandlerAdapter.java:888) [spring-webmvc-5.2.0.RELEASE.jar:5.2.0.RELEASE]
	at org.springframework.web.servlet.mvc.method.annotation.RequestMappingHandlerAdapter.handleInternal(RequestMappingHandlerAdapter.java:793) [spring-webmvc-5.2.0.RELEASE.jar:5.2.0.RELEASE]
	at org.springframework.web.servlet.mvc.method.AbstractHandlerMethodAdapter.handle(AbstractHandlerMethodAdapter.java:87) [spring-webmvc-5.2.0.RELEASE.jar:5.2.0.RELEASE]
	at org.springframework.web.servlet.DispatcherServlet.doDispatch(DispatcherServlet.java:1040) [spring-webmvc-5.2.0.RELEASE.jar:5.2.0.RELEASE]
	at org.springframework.web.servlet.DispatcherServlet.doService(DispatcherServlet.java:943) [spring-webmvc-5.2.0.RELEASE.jar:5.2.0.RELEASE]
	at org.springframework.web.servlet.FrameworkServlet.processRequest(FrameworkServlet.java:1006) [spring-webmvc-5.2.0.RELEASE.jar:5.2.0.RELEASE]
	at org.springframework.web.servlet.FrameworkServlet.doGet(FrameworkServlet.java:898) [spring-webmvc-5.2.0.RELEASE.jar:5.2.0.RELEASE]
	at javax.servlet.http.HttpServlet.service(HttpServlet.java:503) [jakarta.servlet-api-4.0.3.jar:4.0.3]
	at org.springframework.web.servlet.FrameworkServlet.service(FrameworkServlet.java:883) [spring-webmvc-5.2.0.RELEASE.jar:5.2.0.RELEASE]
	at javax.servlet.http.HttpServlet.service(HttpServlet.java:590) [jakarta.servlet-api-4.0.3.jar:4.0.3]
	at org.eclipse.jetty.servlet.ServletHolder.handle(ServletHolder.java:852) [jetty-servlet-9.4.20.v20190813.jar:9.4.20.v20190813]
	at org.eclipse.jetty.servlet.ServletHandler$CachedChain.doFilter(ServletHandler.java:1604) [jetty-servlet-9.4.20.v20190813.jar:9.4.20.v20190813]
	at org.eclipse.jetty.websocket.server.WebSocketUpgradeFilter.doFilter(WebSocketUpgradeFilter.java:226) [websocket-server-9.4.20.v20190813.jar:9.4.20.v20190813]
	at org.eclipse.jetty.servlet.ServletHandler$CachedChain.doFilter(ServletHandler.java:1591) [jetty-servlet-9.4.20.v20190813.jar:9.4.20.v20190813]
	at org.springframework.web.filter.RequestContextFilter.doFilterInternal(RequestContextFilter.java:100) [spring-web-5.2.0.RELEASE.jar:5.2.0.RELEASE]
	at org.springframework.web.filter.OncePerRequestFilter.doFilter(OncePerRequestFilter.java:119) [spring-web-5.2.0.RELEASE.jar:5.2.0.RELEASE]
	at org.eclipse.jetty.servlet.ServletHandler$CachedChain.doFilter(ServletHandler.java:1591) [jetty-servlet-9.4.20.v20190813.jar:9.4.20.v20190813]
	at org.springframework.web.filter.FormContentFilter.doFilterInternal(FormContentFilter.java:93) [spring-web-5.2.0.RELEASE.jar:5.2.0.RELEASE]
	at org.springframework.web.filter.OncePerRequestFilter.doFilter(OncePerRequestFilter.java:119) [spring-web-5.2.0.RELEASE.jar:5.2.0.RELEASE]
	at org.eclipse.jetty.servlet.ServletHandler$CachedChain.doFilter(ServletHandler.java:1591) [jetty-servlet-9.4.20.v20190813.jar:9.4.20.v20190813]
	at org.springframework.web.filter.CharacterEncodingFilter.doFilterInternal(CharacterEncodingFilter.java:201) [spring-web-5.2.0.RELEASE.jar:5.2.0.RELEASE]
	at org.springframework.web.filter.OncePerRequestFilter.doFilter(OncePerRequestFilter.java:119) [spring-web-5.2.0.RELEASE.jar:5.2.0.RELEASE]
	at org.eclipse.jetty.servlet.ServletHandler$CachedChain.doFilter(ServletHandler.java:1591) [jetty-servlet-9.4.20.v20190813.jar:9.4.20.v20190813]
	at org.eclipse.jetty.servlet.ServletHandler.doHandle(ServletHandler.java:542) [jetty-servlet-9.4.20.v20190813.jar:9.4.20.v20190813]
	at org.eclipse.jetty.server.handler.ScopedHandler.handle(ScopedHandler.java:143) [jetty-server-9.4.20.v20190813.jar:9.4.20.v20190813]
	at org.eclipse.jetty.security.SecurityHandler.handle(SecurityHandler.java:536) [jetty-security-9.4.20.v20190813.jar:9.4.20.v20190813]
	at org.eclipse.jetty.server.handler.HandlerWrapper.handle(HandlerWrapper.java:127) [jetty-server-9.4.20.v20190813.jar:9.4.20.v20190813]
	at org.eclipse.jetty.server.handler.ScopedHandler.nextHandle(ScopedHandler.java:235) [jetty-server-9.4.20.v20190813.jar:9.4.20.v20190813]
	at org.eclipse.jetty.server.session.SessionHandler.doHandle(SessionHandler.java:1581) [jetty-server-9.4.20.v20190813.jar:9.4.20.v20190813]
	at org.eclipse.jetty.server.handler.ScopedHandler.nextHandle(ScopedHandler.java:233) [jetty-server-9.4.20.v20190813.jar:9.4.20.v20190813]
	at org.eclipse.jetty.server.handler.ContextHandler.doHandle(ContextHandler.java:1307) [jetty-server-9.4.20.v20190813.jar:9.4.20.v20190813]
	at org.eclipse.jetty.server.handler.ScopedHandler.nextScope(ScopedHandler.java:188) [jetty-server-9.4.20.v20190813.jar:9.4.20.v20190813]
	at org.eclipse.jetty.servlet.ServletHandler.doScope(ServletHandler.java:482) [jetty-servlet-9.4.20.v20190813.jar:9.4.20.v20190813]
	at org.eclipse.jetty.server.session.SessionHandler.doScope(SessionHandler.java:1549) [jetty-server-9.4.20.v20190813.jar:9.4.20.v20190813]
	at org.eclipse.jetty.server.handler.ScopedHandler.nextScope(ScopedHandler.java:186) [jetty-server-9.4.20.v20190813.jar:9.4.20.v20190813]
	at org.eclipse.jetty.server.handler.ContextHandler.doScope(ContextHandler.java:1204) [jetty-server-9.4.20.v20190813.jar:9.4.20.v20190813]
	at org.eclipse.jetty.server.handler.ScopedHandler.handle(ScopedHandler.java:141) [jetty-server-9.4.20.v20190813.jar:9.4.20.v20190813]
	at org.eclipse.jetty.server.handler.HandlerWrapper.handle(HandlerWrapper.java:127) [jetty-server-9.4.20.v20190813.jar:9.4.20.v20190813]
	at org.eclipse.jetty.server.Server.handle(Server.java:494) [jetty-server-9.4.20.v20190813.jar:9.4.20.v20190813]
	at org.eclipse.jetty.server.HttpChannel.handle(HttpChannel.java:374) [jetty-server-9.4.20.v20190813.jar:9.4.20.v20190813]
	at org.eclipse.jetty.server.HttpConnection.onFillable(HttpConnection.java:268) [jetty-server-9.4.20.v20190813.jar:9.4.20.v20190813]
	at org.eclipse.jetty.io.AbstractConnection$ReadCallback.succeeded(AbstractConnection.java:311) [jetty-io-9.4.20.v20190813.jar:9.4.20.v20190813]
	at org.eclipse.jetty.io.FillInterest.fillable(FillInterest.java:103) [jetty-io-9.4.20.v20190813.jar:9.4.20.v20190813]
	at org.eclipse.jetty.io.ChannelEndPoint$2.run(ChannelEndPoint.java:117) [jetty-io-9.4.20.v20190813.jar:9.4.20.v20190813]
	at org.eclipse.jetty.util.thread.strategy.EatWhatYouKill.runTask(EatWhatYouKill.java:336) [jetty-util-9.4.20.v20190813.jar:9.4.20.v20190813]
	at org.eclipse.jetty.util.thread.strategy.EatWhatYouKill.doProduce(EatWhatYouKill.java:313) [jetty-util-9.4.20.v20190813.jar:9.4.20.v20190813]
	at org.eclipse.jetty.util.thread.strategy.EatWhatYouKill.tryProduce(EatWhatYouKill.java:171) [jetty-util-9.4.20.v20190813.jar:9.4.20.v20190813]
	at org.eclipse.jetty.util.thread.strategy.EatWhatYouKill.run(EatWhatYouKill.java:129) [jetty-util-9.4.20.v20190813.jar:9.4.20.v20190813]
	at org.eclipse.jetty.util.thread.ReservedThreadExecutor$ReservedThread.run(ReservedThreadExecutor.java:367) [jetty-util-9.4.20.v20190813.jar:9.4.20.v20190813]
	at org.eclipse.jetty.util.thread.QueuedThreadPool.runJob(QueuedThreadPool.java:782) [jetty-util-9.4.20.v20190813.jar:9.4.20.v20190813]
	at org.eclipse.jetty.util.thread.QueuedThreadPool$Runner.run(QueuedThreadPool.java:918) [jetty-util-9.4.20.v20190813.jar:9.4.20.v20190813]
	at java.lang.Thread.run(Thread.java:748) [?:1.8.0_222]
2019-10-22 23:55:31,348 ERROR c.e.t.T.S.BookService [qtp62915435-20] ID 30 not found
java.util.NoSuchElementException: null
	at com.example.testing.Testing.Service.BookService.name(BookService.java:77) [classes/:?]
	at com.example.testing.Testing.Controller.BookController.name(BookController.java:50) [classes/:?]
	at sun.reflect.NativeMethodAccessorImpl.invoke0(Native Method) ~[?:1.8.0_222]
	at sun.reflect.NativeMethodAccessorImpl.invoke(NativeMethodAccessorImpl.java:62) ~[?:1.8.0_222]
	at sun.reflect.DelegatingMethodAccessorImpl.invoke(DelegatingMethodAccessorImpl.java:43) ~[?:1.8.0_222]
	at java.lang.reflect.Method.invoke(Method.java:498) ~[?:1.8.0_222]
	at org.springframework.web.method.support.InvocableHandlerMethod.doInvoke(InvocableHandlerMethod.java:190) [spring-web-5.2.0.RELEASE.jar:5.2.0.RELEASE]
	at org.springframework.web.method.support.InvocableHandlerMethod.invokeForRequest(InvocableHandlerMethod.java:138) [spring-web-5.2.0.RELEASE.jar:5.2.0.RELEASE]
	at org.springframework.web.servlet.mvc.method.annotation.ServletInvocableHandlerMethod.invokeAndHandle(ServletInvocableHandlerMethod.java:106) [spring-webmvc-5.2.0.RELEASE.jar:5.2.0.RELEASE]
	at org.springframework.web.servlet.mvc.method.annotation.RequestMappingHandlerAdapter.invokeHandlerMethod(RequestMappingHandlerAdapter.java:888) [spring-webmvc-5.2.0.RELEASE.jar:5.2.0.RELEASE]
	at org.springframework.web.servlet.mvc.method.annotation.RequestMappingHandlerAdapter.handleInternal(RequestMappingHandlerAdapter.java:793) [spring-webmvc-5.2.0.RELEASE.jar:5.2.0.RELEASE]
	at org.springframework.web.servlet.mvc.method.AbstractHandlerMethodAdapter.handle(AbstractHandlerMethodAdapter.java:87) [spring-webmvc-5.2.0.RELEASE.jar:5.2.0.RELEASE]
	at org.springframework.web.servlet.DispatcherServlet.doDispatch(DispatcherServlet.java:1040) [spring-webmvc-5.2.0.RELEASE.jar:5.2.0.RELEASE]
	at org.springframework.web.servlet.DispatcherServlet.doService(DispatcherServlet.java:943) [spring-webmvc-5.2.0.RELEASE.jar:5.2.0.RELEASE]
	at org.springframework.web.servlet.FrameworkServlet.processRequest(FrameworkServlet.java:1006) [spring-webmvc-5.2.0.RELEASE.jar:5.2.0.RELEASE]
	at org.springframework.web.servlet.FrameworkServlet.doGet(FrameworkServlet.java:898) [spring-webmvc-5.2.0.RELEASE.jar:5.2.0.RELEASE]
	at javax.servlet.http.HttpServlet.service(HttpServlet.java:503) [jakarta.servlet-api-4.0.3.jar:4.0.3]
	at org.springframework.web.servlet.FrameworkServlet.service(FrameworkServlet.java:883) [spring-webmvc-5.2.0.RELEASE.jar:5.2.0.RELEASE]
	at javax.servlet.http.HttpServlet.service(HttpServlet.java:590) [jakarta.servlet-api-4.0.3.jar:4.0.3]
	at org.eclipse.jetty.servlet.ServletHolder.handle(ServletHolder.java:852) [jetty-servlet-9.4.20.v20190813.jar:9.4.20.v20190813]
	at org.eclipse.jetty.servlet.ServletHandler$CachedChain.doFilter(ServletHandler.java:1604) [jetty-servlet-9.4.20.v20190813.jar:9.4.20.v20190813]
	at org.eclipse.jetty.websocket.server.WebSocketUpgradeFilter.doFilter(WebSocketUpgradeFilter.java:226) [websocket-server-9.4.20.v20190813.jar:9.4.20.v20190813]
	at org.eclipse.jetty.servlet.ServletHandler$CachedChain.doFilter(ServletHandler.java:1591) [jetty-servlet-9.4.20.v20190813.jar:9.4.20.v20190813]
	at org.springframework.web.filter.RequestContextFilter.doFilterInternal(RequestContextFilter.java:100) [spring-web-5.2.0.RELEASE.jar:5.2.0.RELEASE]
	at org.springframework.web.filter.OncePerRequestFilter.doFilter(OncePerRequestFilter.java:119) [spring-web-5.2.0.RELEASE.jar:5.2.0.RELEASE]
	at org.eclipse.jetty.servlet.ServletHandler$CachedChain.doFilter(ServletHandler.java:1591) [jetty-servlet-9.4.20.v20190813.jar:9.4.20.v20190813]
	at org.springframework.web.filter.FormContentFilter.doFilterInternal(FormContentFilter.java:93) [spring-web-5.2.0.RELEASE.jar:5.2.0.RELEASE]
	at org.springframework.web.filter.OncePerRequestFilter.doFilter(OncePerRequestFilter.java:119) [spring-web-5.2.0.RELEASE.jar:5.2.0.RELEASE]
	at org.eclipse.jetty.servlet.ServletHandler$CachedChain.doFilter(ServletHandler.java:1591) [jetty-servlet-9.4.20.v20190813.jar:9.4.20.v20190813]
	at org.springframework.web.filter.CharacterEncodingFilter.doFilterInternal(CharacterEncodingFilter.java:201) [spring-web-5.2.0.RELEASE.jar:5.2.0.RELEASE]
	at org.springframework.web.filter.OncePerRequestFilter.doFilter(OncePerRequestFilter.java:119) [spring-web-5.2.0.RELEASE.jar:5.2.0.RELEASE]
	at org.eclipse.jetty.servlet.ServletHandler$CachedChain.doFilter(ServletHandler.java:1591) [jetty-servlet-9.4.20.v20190813.jar:9.4.20.v20190813]
	at org.eclipse.jetty.servlet.ServletHandler.doHandle(ServletHandler.java:542) [jetty-servlet-9.4.20.v20190813.jar:9.4.20.v20190813]
	at org.eclipse.jetty.server.handler.ScopedHandler.handle(ScopedHandler.java:143) [jetty-server-9.4.20.v20190813.jar:9.4.20.v20190813]
	at org.eclipse.jetty.security.SecurityHandler.handle(SecurityHandler.java:536) [jetty-security-9.4.20.v20190813.jar:9.4.20.v20190813]
	at org.eclipse.jetty.server.handler.HandlerWrapper.handle(HandlerWrapper.java:127) [jetty-server-9.4.20.v20190813.jar:9.4.20.v20190813]
	at org.eclipse.jetty.server.handler.ScopedHandler.nextHandle(ScopedHandler.java:235) [jetty-server-9.4.20.v20190813.jar:9.4.20.v20190813]
	at org.eclipse.jetty.server.session.SessionHandler.doHandle(SessionHandler.java:1581) [jetty-server-9.4.20.v20190813.jar:9.4.20.v20190813]
	at org.eclipse.jetty.server.handler.ScopedHandler.nextHandle(ScopedHandler.java:233) [jetty-server-9.4.20.v20190813.jar:9.4.20.v20190813]
	at org.eclipse.jetty.server.handler.ContextHandler.doHandle(ContextHandler.java:1307) [jetty-server-9.4.20.v20190813.jar:9.4.20.v20190813]
	at org.eclipse.jetty.server.handler.ScopedHandler.nextScope(ScopedHandler.java:188) [jetty-server-9.4.20.v20190813.jar:9.4.20.v20190813]
	at org.eclipse.jetty.servlet.ServletHandler.doScope(ServletHandler.java:482) [jetty-servlet-9.4.20.v20190813.jar:9.4.20.v20190813]
	at org.eclipse.jetty.server.session.SessionHandler.doScope(SessionHandler.java:1549) [jetty-server-9.4.20.v20190813.jar:9.4.20.v20190813]
	at org.eclipse.jetty.server.handler.ScopedHandler.nextScope(ScopedHandler.java:186) [jetty-server-9.4.20.v20190813.jar:9.4.20.v20190813]
	at org.eclipse.jetty.server.handler.ContextHandler.doScope(ContextHandler.java:1204) [jetty-server-9.4.20.v20190813.jar:9.4.20.v20190813]
	at org.eclipse.jetty.server.handler.ScopedHandler.handle(ScopedHandler.java:141) [jetty-server-9.4.20.v20190813.jar:9.4.20.v20190813]
	at org.eclipse.jetty.server.handler.HandlerWrapper.handle(HandlerWrapper.java:127) [jetty-server-9.4.20.v20190813.jar:9.4.20.v20190813]
	at org.eclipse.jetty.server.Server.handle(Server.java:494) [jetty-server-9.4.20.v20190813.jar:9.4.20.v20190813]
	at org.eclipse.jetty.server.HttpChannel.handle(HttpChannel.java:374) [jetty-server-9.4.20.v20190813.jar:9.4.20.v20190813]
	at org.eclipse.jetty.server.HttpConnection.onFillable(HttpConnection.java:268) [jetty-server-9.4.20.v20190813.jar:9.4.20.v20190813]
	at org.eclipse.jetty.io.AbstractConnection$ReadCallback.succeeded(AbstractConnection.java:311) [jetty-io-9.4.20.v20190813.jar:9.4.20.v20190813]
	at org.eclipse.jetty.io.FillInterest.fillable(FillInterest.java:103) [jetty-io-9.4.20.v20190813.jar:9.4.20.v20190813]
	at org.eclipse.jetty.io.ChannelEndPoint$2.run(ChannelEndPoint.java:117) [jetty-io-9.4.20.v20190813.jar:9.4.20.v20190813]
	at org.eclipse.jetty.util.thread.strategy.EatWhatYouKill.runTask(EatWhatYouKill.java:336) [jetty-util-9.4.20.v20190813.jar:9.4.20.v20190813]
	at org.eclipse.jetty.util.thread.strategy.EatWhatYouKill.doProduce(EatWhatYouKill.java:313) [jetty-util-9.4.20.v20190813.jar:9.4.20.v20190813]
	at org.eclipse.jetty.util.thread.strategy.EatWhatYouKill.tryProduce(EatWhatYouKill.java:171) [jetty-util-9.4.20.v20190813.jar:9.4.20.v20190813]
	at org.eclipse.jetty.util.thread.strategy.EatWhatYouKill.run(EatWhatYouKill.java:129) [jetty-util-9.4.20.v20190813.jar:9.4.20.v20190813]
	at org.eclipse.jetty.util.thread.ReservedThreadExecutor$ReservedThread.run(ReservedThreadExecutor.java:367) [jetty-util-9.4.20.v20190813.jar:9.4.20.v20190813]
	at org.eclipse.jetty.util.thread.QueuedThreadPool.runJob(QueuedThreadPool.java:782) [jetty-util-9.4.20.v20190813.jar:9.4.20.v20190813]
	at org.eclipse.jetty.util.thread.QueuedThreadPool$Runner.run(QueuedThreadPool.java:918) [jetty-util-9.4.20.v20190813.jar:9.4.20.v20190813]
	at java.lang.Thread.run(Thread.java:748) [?:1.8.0_222]
